<?xml version="1.0" encoding="UTF-8"?>
<!-- Generated by org.testng.reporters.JUnitXMLReporter -->
<testsuite hostname="LAPTOP-MFQE14RK" ignored="0" name="Javamall" tests="5" failures="0" timestamp="31 五月 2020 09:45:18 GMT" time="0.862" errors="0">
  <testcase name="test001_addCustomer" time="0.351" classname="com.mtx.les0524.CrmAddCustomerTests"/>
  <testcase name="test002_addCustomer" time="0.053" classname="com.mtx.les0524.CrmAddCustomerTests"/>
  <testcase name="test003_addCustomer" time="0.029" classname="com.mtx.les0524.CrmAddCustomerTests"/>
  <testcase name="test001_addContracts" time="0.019" classname="com.mtx.les0524.CrmAddContractsTests"/>
  <testcase name="test002_addcontacts" time="0.019" classname="com.mtx.les0524.CrmAddContractsTests"/>
</testsuite> <!-- Javamall -->
