<?xml version="1.0" encoding="UTF-8"?>
<!-- Generated by org.testng.reporters.JUnitXMLReporter -->
<testsuite hostname="LAPTOP-BGS5S7GJ" ignored="0" name="javamall前台接口测试" tests="8" failures="2" timestamp="25 三月 2020 08:56:13 GMT" time="3.103" errors="0">
  <testcase name="test001_login" time="1.496" classname="com.auto.project2.JavaMallQianTaiTests">
    <failure type="java.lang.AssertionError" message="expected [登陆成功] but found [新增管理员成功]">
      <![CDATA[java.lang.AssertionError: expected [登陆成功] but found [新增管理员成功]
at com.auto.project2.JavaMallQianTaiTests.test001_login(JavaMallQianTaiTests.java:28)
at java.util.concurrent.FutureTask.run(FutureTask.java:266)
at java.util.concurrent.ThreadPoolExecutor.runWorker(ThreadPoolExecutor.java:1142)
at java.util.concurrent.ThreadPoolExecutor$Worker.run(ThreadPoolExecutor.java:617)
at java.lang.Thread.run(Thread.java:745)
... Removed 22 stack frames]]>
    </failure>
  </testcase> <!-- test001_login -->
  <testcase name="test002_login" time="0.095" classname="com.auto.project2.JavaMallQianTaiTests"/>
  <testcase name="test003_login" time="0.052" classname="com.auto.project2.JavaMallQianTaiTests"/>
  <testcase name="test004_login" time="0.052" classname="com.auto.project2.JavaMallQianTaiTests"/>
  <testcase name="test005_login" time="0.053" classname="com.auto.project2.JavaMallQianTaiTests"/>
  <testcase name="test006_addgoods" time="0.127" classname="com.auto.project2.JavaMallQianTaiTests"/>
  <testcase name="test007_order" time="0.693" classname="com.auto.project2.JavaMallQianTaiTests"/>
  <testcase name="test008_order" time="0.289" classname="com.auto.project2.JavaMallQianTaiTests">
    <failure type="java.lang.AssertionError" message="expected [1] but found [0]">
      <![CDATA[java.lang.AssertionError: expected [1] but found [0]
at com.auto.project2.JavaMallQianTaiTests.test008_order(JavaMallQianTaiTests.java:105)
at java.util.concurrent.FutureTask.run(FutureTask.java:266)
at java.util.concurrent.ThreadPoolExecutor.runWorker(ThreadPoolExecutor.java:1142)
at java.util.concurrent.ThreadPoolExecutor$Worker.run(ThreadPoolExecutor.java:617)
at java.lang.Thread.run(Thread.java:745)
... Removed 22 stack frames]]>
    </failure>
  </testcase> <!-- test008_order -->
</testsuite> <!-- javamall前台接口测试 -->
